# JRE version: OpenJDK Runtime Environment (11.0.15) (build 11.0.15+0-b2043.56-9505619)
# Java VM: OpenJDK 64-Bit Server VM (11.0.15+0-b2043.56-9505619, mixed mode, tiered, compressed oops, g1 gc, windows-amd64)
Heap:
 garbage-first heap   total 359424K, used 62347K [0x0000000080000000, 0x0000000100000000)
  region size 1024K, 2 young (2048K), 2 survivors (2048K)
 Metaspace       used 76362K, capacity 78239K, committed 78464K, reserved 1116160K
  class space    used 10021K, capacity 10757K, committed 10880K, reserved 1048576K
GC Heap History (20 events):
Event: 118.224 GC heap after
{Heap after GC invocations=53 (full 0):
 garbage-first heap   total 146432K, used 50685K [0x0000000080000000, 0x0000000100000000)
  region size 1024K, 2 young (2048K), 2 survivors (2048K)
 Metaspace       used 62914K, capacity 64476K, committed 64768K, reserved 1105920K
  class space    used 7944K, capacity 8583K, committed 8704K, reserved 1048576K
}
Event: 119.771 GC heap before
{Heap before GC invocations=53 (full 0):
 garbage-first heap   total 146432K, used 63997K [0x0000000080000000, 0x0000000100000000)
  region size 1024K, 16 young (16384K), 2 survivors (2048K)
 Metaspace       used 63754K, capacity 65368K, committed 65536K, reserved 1105920K
  class space    used 8038K, capacity 8685K, committed 8704K, reserved 1048576K
}
Event: 119.799 GC heap after
{Heap after GC invocations=54 (full 0):
 garbage-first heap   total 146432K, used 51962K [0x0000000080000000, 0x0000000100000000)
  region size 1024K, 2 young (2048K), 2 survivors (2048K)
 Metaspace       used 63754K, capacity 65368K, committed 65536K, reserved 1105920K
  class space    used 8038K, capacity 8685K, committed 8704K, reserved 1048576K
}
Event: 121.777 GC heap before
{Heap before GC invocations=54 (full 0):
 garbage-first heap   total 146432K, used 68346K [0x0000000080000000, 0x0000000100000000)
  region size 1024K, 18 young (18432K), 2 survivors (2048K)
 Metaspace       used 65043K, capacity 66656K, committed 66816K, reserved 1107968K
  class space    used 8226K, capacity 8851K, committed 8960K, reserved 1048576K
}
Event: 121.869 GC heap after
{Heap after GC invocations=55 (full 0):
 garbage-first heap   total 146432K, used 52699K [0x0000000080000000, 0x0000000100000000)
  region size 1024K, 2 young (2048K), 2 survivors (2048K)
 Metaspace       used 65043K, capacity 66656K, committed 66816K, reserved 1107968K
  class space    used 8226K, capacity 8851K, committed 8960K, reserved 1048576K
}
Event: 124.852 GC heap before
{Heap before GC invocations=55 (full 0):
 garbage-first heap   total 146432K, used 70107K [0x0000000080000000, 0x0000000100000000)
  region size 1024K, 19 young (19456K), 2 survivors (2048K)
 Metaspace       used 65257K, capacity 66935K, committed 67072K, reserved 1107968K
  class space    used 8273K, capacity 8921K, committed 8960K, reserved 1048576K
}
Event: 124.974 GC heap after
{Heap after GC invocations=56 (full 0):
 garbage-first heap   total 146432K, used 53817K [0x0000000080000000, 0x0000000100000000)
  region size 1024K, 2 young (2048K), 2 survivors (2048K)
 Metaspace       used 65257K, capacity 66935K, committed 67072K, reserved 1107968K
  class space    used 8273K, capacity 8921K, committed 8960K, reserved 1048576K
}
Event: 126.682 GC heap before
{Heap before GC invocations=56 (full 0):
 garbage-first heap   total 146432K, used 72249K [0x0000000080000000, 0x0000000100000000)
  region size 1024K, 20 young (20480K), 2 survivors (2048K)
 Metaspace       used 65297K, capacity 67033K, committed 67072K, reserved 1107968K
  class space    used 8278K, capacity 8955K, committed 8960K, reserved 1048576K
}
Event: 126.753 GC heap after
{Heap after GC invocations=57 (full 0):
 garbage-first heap   total 146432K, used 55363K [0x0000000080000000, 0x0000000100000000)
  region size 1024K, 3 young (3072K), 3 survivors (3072K)
 Metaspace       used 65297K, capacity 67033K, committed 67072K, reserved 1107968K
  class space    used 8278K, capacity 8955K, committed 8960K, reserved 1048576K
}
Event: 129.803 GC heap before
{Heap before GC invocations=57 (full 0):
 garbage-first heap   total 146432K, used 75843K [0x0000000080000000, 0x0000000100000000)
  region size 1024K, 23 young (23552K), 3 survivors (3072K)
 Metaspace       used 66997K, capacity 68610K, committed 68864K, reserved 1110016K
  class space    used 8507K, capacity 9181K, committed 9216K, reserved 1048576K
}
Event: 129.907 GC heap after
{Heap after GC invocations=58 (full 0):
 garbage-first heap   total 146432K, used 56795K [0x0000000080000000, 0x0000000100000000)
  region size 1024K, 3 young (3072K), 3 survivors (3072K)
 Metaspace       used 66997K, capacity 68610K, committed 68864K, reserved 1110016K
  class space    used 8507K, capacity 9181K, committed 9216K, reserved 1048576K
}
Event: 134.805 GC heap before
{Heap before GC invocations=58 (full 0):
 garbage-first heap   total 146432K, used 79323K [0x0000000080000000, 0x0000000100000000)
  region size 1024K, 25 young (25600K), 3 survivors (3072K)
 Metaspace       used 69934K, capacity 71598K, committed 71808K, reserved 1112064K
  class space    used 9063K, capacity 9748K, committed 9856K, reserved 1048576K
}
Event: 135.214 GC heap after
{Heap after GC invocations=59 (full 0):
 garbage-first heap   total 199680K, used 58034K [0x0000000080000000, 0x0000000100000000)
  region size 1024K, 3 young (3072K), 3 survivors (3072K)
 Metaspace       used 69934K, capacity 71598K, committed 71808K, reserved 1112064K
  class space    used 9063K, capacity 9748K, committed 9856K, reserved 1048576K
}
Event: 138.975 GC heap before
{Heap before GC invocations=59 (full 0):
 garbage-first heap   total 199680K, used 72370K [0x0000000080000000, 0x0000000100000000)
  region size 1024K, 18 young (18432K), 3 survivors (3072K)
 Metaspace       used 71275K, capacity 73064K, committed 73216K, reserved 1112064K
  class space    used 9243K, capacity 9951K, committed 9984K, reserved 1048576K
}
Event: 139.070 GC heap after
{Heap after GC invocations=60 (full 0):
 garbage-first heap   total 199680K, used 59183K [0x0000000080000000, 0x0000000100000000)
  region size 1024K, 3 young (3072K), 3 survivors (3072K)
 Metaspace       used 71275K, capacity 73064K, committed 73216K, reserved 1112064K
  class space    used 9243K, capacity 9951K, committed 9984K, reserved 1048576K
}
Event: 146.657 GC heap before
{Heap before GC invocations=60 (full 0):
 garbage-first heap   total 199680K, used 77615K [0x0000000080000000, 0x0000000100000000)
  region size 1024K, 21 young (21504K), 3 survivors (3072K)
 Metaspace       used 72982K, capacity 74815K, committed 75008K, reserved 1114112K
  class space    used 9496K, capacity 10206K, committed 10240K, reserved 1048576K
}
Event: 146.799 GC heap after
{Heap after GC invocations=61 (full 0):
 garbage-first heap   total 199680K, used 60542K [0x0000000080000000, 0x0000000100000000)
  region size 1024K, 3 young (3072K), 3 survivors (3072K)
 Metaspace       used 72982K, capacity 74815K, committed 75008K, reserved 1114112K
  class space    used 9496K, capacity 10206K, committed 10240K, reserved 1048576K
}
Event: 150.637 GC heap before
{Heap before GC invocations=61 (full 0):
 garbage-first heap   total 199680K, used 81022K [0x0000000080000000, 0x0000000100000000)
  region size 1024K, 23 young (23552K), 3 survivors (3072K)
 Metaspace       used 74680K, capacity 76468K, committed 76544K, reserved 1116160K
  class space    used 9750K, capacity 10453K, committed 10496K, reserved 1048576K
}
Event: 150.759 GC heap after
{Heap after GC invocations=62 (full 0):
 garbage-first heap   total 199680K, used 61426K [0x0000000080000000, 0x0000000100000000)
  region size 1024K, 3 young (3072K), 3 survivors (3072K)
 Metaspace       used 74680K, capacity 76468K, committed 76544K, reserved 1116160K
  class space    used 9750K, capacity 10453K, committed 10496K, reserved 1048576K
}
Event: 152.545 GC heap before
{Heap before GC invocations=62 (full 0):
 garbage-first heap   total 199680K, used 78834K [0x0000000080000000, 0x0000000100000000)
  region size 1024K, 20 young (20480K), 3 survivors (3072K)
 Metaspace       used 76362K, capacity 78239K, committed 78464K, reserved 1116160K
  class space    used 10021K, capacity 10757K, committed 10880K, reserved 1048576K
}

